{
  "stats": {
    "suites": 1,
    "tests": 1,
    "passes": 0,
    "pending": 0,
    "failures": 1,
    "start": "2022-11-24T13:39:44.067Z",
    "end": "2022-11-24T13:40:55.522Z",
    "duration": 71455,
    "testsRegistered": 1,
    "passPercent": 0,
    "pendingPercent": 0,
    "other": 0,
    "hasOther": false,
    "skipped": 0,
    "hasSkipped": false
  },
  "results": [
    {
      "uuid": "489486e8-bef1-4c7a-acca-a5adcdd7e436",
      "title": "",
      "fullFile": "cypress\\e2e\\POM\\catalogue.cy.js",
      "file": "cypress\\e2e\\POM\\catalogue.cy.js",
      "beforeHooks": [],
      "afterHooks": [],
      "tests": [],
      "suites": [
        {
          "uuid": "91221df1-fdaf-441a-b3e6-b4a7e83d9b37",
          "title": "add from catalogue",
          "fullFile": "",
          "file": "",
          "beforeHooks": [],
          "afterHooks": [],
          "tests": [
            {
              "title": "home page is visible",
              "fullTitle": "add from catalogue home page is visible",
              "timedOut": null,
              "duration": 28062,
              "state": "failed",
              "speed": null,
              "pass": false,
              "fail": true,
              "pending": false,
              "context": "\"catalogue.cy.js/add from catalogue -- home page is visible (failed).png\"",
              "code": "cy.visit('/');\n(0, _homepage.getHomePage)();\n(0, _homepage.qtyList)(10);\n_catalogue.default.waitPageLoader();\ncy.wait(10000);",
              "err": {
                "message": "AssertionError: Timed out retrying after 6000ms: Expected to find element: `.qty-box.coffee-label-block-parent.body-popup-overlay.active:visible`, but never found it.",
                "estack": "AssertionError: Timed out retrying after 6000ms: Expected to find element: `.qty-box.coffee-label-block-parent.body-popup-overlay.active:visible`, but never found it.\n    at qtyList (webpack:///./cypress/pages/homepage.js:47:5)\n    at Context.eval (webpack:///./cypress/e2e/POM/catalogue.cy.js:38:14)",
                "diff": null
              },
              "uuid": "be7fd8da-4629-4885-bb0a-db5baa225d3b",
              "parentUUID": "91221df1-fdaf-441a-b3e6-b4a7e83d9b37",
              "isHook": false,
              "skipped": false
            }
          ],
          "suites": [],
          "passes": [],
          "failures": [
            "be7fd8da-4629-4885-bb0a-db5baa225d3b"
          ],
          "pending": [],
          "skipped": [],
          "duration": 28062,
          "root": false,
          "rootEmpty": false,
          "_timeout": 2000
        }
      ],
      "passes": [],
      "failures": [],
      "pending": [],
      "skipped": [],
      "duration": 0,
      "root": true,
      "rootEmpty": true,
      "_timeout": 2000
    }
  ],
  "meta": {
    "mocha": {
      "version": "7.0.1"
    },
    "mochawesome": {
      "options": {
        "quiet": false,
        "reportFilename": "mochawesome",
        "saveHtml": false,
        "saveJson": true,
        "consoleReporter": "spec",
        "useInlineDiffs": false,
        "code": true
      },
      "version": "7.1.3"
    },
    "marge": {
      "options": {
        "reportDir": "cypress\\report",
        "overwrite": false,
        "html": false,
        "json": true,
        "charts": true,
        "reportPageTitle": "Title",
        "embeddedScreenshots": true
      },
      "version": "6.2.0"
    }
  }
}