{
  "stats": {
    "suites": 1,
    "tests": 1,
    "passes": 1,
    "pending": 0,
    "failures": 0,
    "start": "2022-11-24T13:40:57.312Z",
    "end": "2022-11-24T13:42:53.364Z",
    "duration": 116052,
    "testsRegistered": 1,
    "passPercent": 100,
    "pendingPercent": 0,
    "other": 0,
    "hasOther": false,
    "skipped": 0,
    "hasSkipped": false
  },
  "results": [
    {
      "uuid": "81983d8f-3461-4fbe-ad40-c064fa75acf0",
      "title": "",
      "fullFile": "cypress\\e2e\\POM\\productPage.cy.js",
      "file": "cypress\\e2e\\POM\\productPage.cy.js",
      "beforeHooks": [],
      "afterHooks": [],
      "tests": [],
      "suites": [
        {
          "uuid": "85967108-0085-4b3f-bfae-208e1661480e",
          "title": "",
          "fullFile": "",
          "file": "",
          "beforeHooks": [],
          "afterHooks": [],
          "tests": [
            {
              "title": "Visit Product Page",
              "fullTitle": " Visit Product Page",
              "timedOut": null,
              "duration": 115968,
              "state": "passed",
              "speed": "slow",
              "pass": true,
              "fail": false,
              "pending": false,
              "context": null,
              "code": "//cy.wait('@reqs')\ncy.wait(5000);\ncy.get('.action.tocart.primary.list.pdpcart-btn').as('addToBagBtn');\ncy.get('#_evidon-accept-button').as('acceptBtn');\ncy.get('@acceptBtn').click();\n_errorMessages.default.addToBagBtn();\ncy.get('@addToBag').contains('Add to Bag').click();\ncy.log('clicked');\ncy.get('.qty-box__overlay-wrapper:visible').contains('li', 9).click();\ncy.get('[data-ui-id=\"message-success\"]').should('exist');\ncy.wait(3000);\ncy.get('span.counter-number:visible').should('contain', 9);\ncy.get('a.action.showcart').click();\ncy.get('[data-role=\"product-item\"]').should('have.length', 1);\ncy.get('#top-cart-btn-checkout').click();\ncy.wait(10000);\nit('Checkout Page', () => {\n  cy.location('pathname').should('include', '/checkout/#shipping');\n});",
              "err": {},
              "uuid": "824e643d-fe65-4b6d-a153-6dbcc43c1ccb",
              "parentUUID": "85967108-0085-4b3f-bfae-208e1661480e",
              "isHook": false,
              "skipped": false
            }
          ],
          "suites": [],
          "passes": [
            "824e643d-fe65-4b6d-a153-6dbcc43c1ccb"
          ],
          "failures": [],
          "pending": [],
          "skipped": [],
          "duration": 115968,
          "root": false,
          "rootEmpty": false,
          "_timeout": 2000
        }
      ],
      "passes": [],
      "failures": [],
      "pending": [],
      "skipped": [],
      "duration": 0,
      "root": true,
      "rootEmpty": true,
      "_timeout": 2000
    }
  ],
  "meta": {
    "mocha": {
      "version": "7.0.1"
    },
    "mochawesome": {
      "options": {
        "quiet": false,
        "reportFilename": "mochawesome",
        "saveHtml": false,
        "saveJson": true,
        "consoleReporter": "spec",
        "useInlineDiffs": false,
        "code": true
      },
      "version": "7.1.3"
    },
    "marge": {
      "options": {
        "reportDir": "cypress\\report",
        "overwrite": false,
        "html": false,
        "json": true,
        "charts": true,
        "reportPageTitle": "Title",
        "embeddedScreenshots": true
      },
      "version": "6.2.0"
    }
  }
}